TN:
SF:src/modules/@shared/domain/entity/base.entity.ts
FN:3,get
FN:14,get id
FN:18,get createdAt
FN:22,get updatedAt
FN:26,set updatedAt
FN:8,BaseEntity
FNF:6
FNH:5
FNDA:2,get
FNDA:4,get id
FNDA:1,get createdAt
FNDA:1,get updatedAt
FNDA:0,set updatedAt
FNDA:3,BaseEntity
DA:1,1
DA:2,1
DA:3,1
DA:4,1
DA:5,1
DA:6,1
DA:7,1
DA:8,1
DA:9,3
DA:10,3
DA:11,3
DA:12,3
DA:13,1
DA:14,1
DA:15,4
DA:16,4
DA:17,1
DA:18,1
DA:19,1
DA:20,1
DA:21,1
DA:22,1
DA:23,1
DA:24,1
DA:25,1
DA:26,1
DA:27,0
DA:28,0
DA:29,1
LF:29
LH:27
BRDA:3,0,0,2
BRDA:14,1,0,4
BRDA:18,2,0,1
BRDA:22,3,0,1
BRDA:8,4,0,3
BRDA:9,5,0,0
BRF:6
BRH:5
end_of_record
TN:
SF:src/modules/@shared/domain/value-object/id.value-object.ts
FN:4,get
FN:11,get id
FN:7,Id
FNF:3
FNH:3
FNDA:4,get
FNDA:4,get id
FNDA:4,Id
DA:1,1
DA:2,1
DA:3,1
DA:4,1
DA:5,1
DA:6,1
DA:7,1
DA:8,4
DA:9,4
DA:10,1
DA:11,1
DA:12,4
DA:13,4
DA:14,1
LF:14
LH:14
BRDA:4,0,0,4
BRDA:11,1,0,4
BRDA:7,2,0,4
BRDA:8,3,0,0
BRF:4
BRH:3
end_of_record
TN:
SF:src/modules/invoice/domain/entity/invoice.entity.ts
FN:17,get
FN:32,get name
FN:36,get document
FN:40,get address
FN:44,get items
FN:48,total
FN:23,Invoice
FNF:7
FNH:6
FNDA:2,get
FNDA:1,get name
FNDA:1,get document
FNDA:6,get address
FNDA:1,get items
FNDA:0,total
FNDA:1,Invoice
DA:1,1
DA:2,1
DA:3,1
DA:4,1
DA:5,1
DA:6,1
DA:7,1
DA:8,1
DA:9,1
DA:10,1
DA:11,1
DA:12,1
DA:13,1
DA:14,1
DA:15,1
DA:16,1
DA:17,1
DA:18,1
DA:19,1
DA:20,1
DA:21,1
DA:22,1
DA:23,1
DA:24,1
DA:25,1
DA:26,1
DA:27,1
DA:28,1
DA:29,1
DA:30,1
DA:31,1
DA:32,1
DA:33,1
DA:34,1
DA:35,1
DA:36,1
DA:37,1
DA:38,1
DA:39,1
DA:40,1
DA:41,6
DA:42,6
DA:43,1
DA:44,1
DA:45,1
DA:46,1
DA:47,1
DA:48,1
DA:49,0
DA:50,0
DA:51,0
DA:52,0
DA:53,1
LF:53
LH:49
BRDA:17,0,0,2
BRDA:32,1,0,1
BRDA:36,2,0,1
BRDA:40,3,0,6
BRDA:44,4,0,1
BRDA:23,5,0,1
BRF:6
BRH:6
end_of_record
TN:
SF:src/modules/invoice/domain/entity/product.entity.ts
FN:11,get
FN:22,get name
FN:26,get price
FN:15,Product
FNF:4
FNH:4
FNDA:2,get
FNDA:2,get name
FNDA:2,get price
FNDA:2,Product
DA:1,1
DA:2,1
DA:3,1
DA:4,1
DA:5,1
DA:6,1
DA:7,1
DA:8,1
DA:9,1
DA:10,1
DA:11,1
DA:12,1
DA:13,1
DA:14,1
DA:15,1
DA:16,2
DA:17,2
DA:18,2
DA:19,2
DA:20,2
DA:21,1
DA:22,1
DA:23,2
DA:24,2
DA:25,1
DA:26,1
DA:27,2
DA:28,2
DA:29,1
LF:29
LH:29
BRDA:11,0,0,2
BRDA:22,1,0,2
BRDA:26,2,0,2
BRDA:15,3,0,2
BRF:4
BRH:4
end_of_record
TN:
SF:src/modules/invoice/domain/value-object/address.value-object.ts
FN:12,get
FN:29,get street
FN:33,get number
FN:37,get complement
FN:41,get city
FN:45,get state
FN:49,get zipCode
FN:20,Address
FNF:8
FNH:8
FNDA:2,get
FNDA:1,get street
FNDA:1,get number
FNDA:1,get complement
FNDA:1,get city
FNDA:1,get state
FNDA:1,get zipCode
FNDA:2,Address
DA:1,1
DA:2,1
DA:3,1
DA:4,1
DA:5,1
DA:6,1
DA:7,1
DA:8,1
DA:9,1
DA:10,1
DA:11,1
DA:12,1
DA:13,1
DA:14,1
DA:15,1
DA:16,1
DA:17,1
DA:18,1
DA:19,1
DA:20,1
DA:21,2
DA:22,2
DA:23,2
DA:24,2
DA:25,2
DA:26,2
DA:27,2
DA:28,1
DA:29,1
DA:30,1
DA:31,1
DA:32,1
DA:33,1
DA:34,1
DA:35,1
DA:36,1
DA:37,1
DA:38,1
DA:39,1
DA:40,1
DA:41,1
DA:42,1
DA:43,1
DA:44,1
DA:45,1
DA:46,1
DA:47,1
DA:48,1
DA:49,1
DA:50,1
DA:51,1
DA:52,1
LF:52
LH:52
BRDA:12,0,0,2
BRDA:29,1,0,1
BRDA:33,2,0,1
BRDA:37,3,0,1
BRDA:41,4,0,1
BRDA:45,5,0,1
BRDA:49,6,0,1
BRDA:20,7,0,2
BRF:8
BRH:8
end_of_record
TN:
SF:src/modules/invoice/repository/invoice.model.ts
FN:8,get
FNF:1
FNH:1
FNDA:7,get
DA:1,1
DA:2,1
DA:3,1
DA:4,1
DA:5,1
DA:6,1
DA:7,1
DA:8,1
DA:9,1
DA:10,1
DA:11,1
DA:12,1
DA:13,1
DA:14,1
DA:15,1
DA:16,1
DA:17,1
DA:18,1
DA:19,1
DA:20,1
DA:21,1
DA:22,1
DA:23,1
DA:24,1
DA:25,1
DA:26,1
DA:27,1
DA:28,1
DA:29,1
DA:30,1
DA:31,1
DA:32,1
DA:33,1
DA:34,1
DA:35,1
DA:36,1
DA:37,1
DA:38,1
DA:39,1
DA:40,1
DA:41,1
DA:42,1
DA:43,1
DA:44,1
DA:45,1
LF:45
LH:45
BRDA:41,0,0,0
BRDA:44,1,0,0
BRDA:8,2,0,7
BRDA:13,3,0,3
BRF:4
BRH:2
end_of_record
TN:
SF:src/modules/invoice/repository/invoice.repository.ts
FN:10,get
FN:11,generate
FN:41,find
FNF:3
FNH:3
FNDA:1,get
FNDA:1,generate
FNDA:1,find
DA:1,1
DA:2,1
DA:3,1
DA:4,1
DA:5,1
DA:6,1
DA:7,1
DA:8,1
DA:9,1
DA:10,1
DA:11,1
DA:12,1
DA:13,1
DA:14,1
DA:15,1
DA:16,1
DA:17,1
DA:18,1
DA:19,1
DA:20,1
DA:21,1
DA:22,1
DA:23,1
DA:24,2
DA:25,2
DA:26,2
DA:27,2
DA:28,1
DA:29,1
DA:30,1
DA:31,1
DA:32,1
DA:33,1
DA:34,1
DA:35,1
DA:36,1
DA:37,1
DA:38,1
DA:39,1
DA:40,1
DA:41,1
DA:42,1
DA:43,1
DA:44,1
DA:45,0
DA:46,0
DA:47,1
DA:48,1
DA:49,1
DA:50,1
DA:51,1
DA:52,1
DA:53,1
DA:54,1
DA:55,1
DA:56,1
DA:57,1
DA:58,1
DA:59,1
DA:60,1
DA:61,1
DA:62,1
DA:63,0
DA:64,0
DA:65,0
DA:66,0
DA:67,0
DA:68,0
DA:69,1
DA:70,1
DA:71,1
DA:72,1
DA:73,1
LF:73
LH:65
BRDA:10,0,0,1
BRDA:11,1,0,1
BRDA:23,2,0,2
BRDA:41,3,0,1
BRDA:44,4,0,0
BRF:5
BRH:4
end_of_record
TN:
SF:src/modules/invoice/repository/product.model.ts
FN:15,get
FNF:1
FNH:1
FNDA:5,get
DA:1,1
DA:2,1
DA:3,1
DA:4,1
DA:5,1
DA:6,1
DA:7,1
DA:8,1
DA:9,1
DA:10,1
DA:11,1
DA:12,1
DA:13,1
DA:14,1
DA:15,1
DA:16,1
DA:17,1
DA:18,1
DA:19,1
DA:20,1
DA:21,1
DA:22,1
DA:23,1
DA:24,1
DA:25,1
DA:26,1
DA:27,1
DA:28,1
DA:29,1
DA:30,1
DA:31,1
DA:32,1
LF:32
LH:32
BRDA:25,0,0,0
BRDA:15,1,0,5
BRDA:20,2,0,2
BRDA:24,3,0,2
BRF:4
BRH:3
end_of_record
